C:\PRAMOD\VIEW73 ENGINE\VIEW73 ENGINE\GRAPHICS\BIN\OBJ\DEBUG\BTTRIANGLEINDEXVERTEXMATERIALARRAY.OBJ
C:\PRAMOD\VIEW73 ENGINE\VIEW73 ENGINE\GRAPHICS\BIN\OBJ\DEBUG\BTTRIANGLEMESH.OBJ
C:\PRAMOD\VIEW73 ENGINE\VIEW73 ENGINE\GRAPHICS\BIN\OBJ\DEBUG\BTTRIANGLEMESHSHAPE.OBJ
C:\PRAMOD\VIEW73 ENGINE\VIEW73 ENGINE\GRAPHICS\BIN\OBJ\DEBUG\BTUNIFORMSCALINGSHAPE.OBJ
C:\PRAMOD\VIEW73 ENGINE\VIEW73 ENGINE\GRAPHICS\BIN\OBJ\DEBUG\BTCONTACTPROCESSING.OBJ
C:\PRAMOD\VIEW73 ENGINE\VIEW73 ENGINE\GRAPHICS\BIN\OBJ\DEBUG\BTGENERICPOOLALLOCATOR.OBJ
C:\PRAMOD\VIEW73 ENGINE\VIEW73 ENGINE\GRAPHICS\BIN\OBJ\DEBUG\BTGIMPACTBVH.OBJ
C:\PRAMOD\VIEW73 ENGINE\VIEW73 ENGINE\GRAPHICS\BIN\OBJ\DEBUG\BTGIMPACTCOLLISIONALGORITHM.OBJ
C:\PRAMOD\VIEW73 ENGINE\VIEW73 ENGINE\GRAPHICS\BIN\OBJ\DEBUG\BTGIMPACTQUANTIZEDBVH.OBJ
C:\PRAMOD\VIEW73 ENGINE\VIEW73 ENGINE\GRAPHICS\BIN\OBJ\DEBUG\BTGIMPACTSHAPE.OBJ
C:\PRAMOD\VIEW73 ENGINE\VIEW73 ENGINE\GRAPHICS\BIN\OBJ\DEBUG\BTTRIANGLESHAPEEX.OBJ
C:\PRAMOD\VIEW73 ENGINE\VIEW73 ENGINE\GRAPHICS\BIN\OBJ\DEBUG\GIM_BOX_SET.OBJ
C:\PRAMOD\VIEW73 ENGINE\VIEW73 ENGINE\GRAPHICS\BIN\OBJ\DEBUG\GIM_CONTACT.OBJ
C:\PRAMOD\VIEW73 ENGINE\VIEW73 ENGINE\GRAPHICS\BIN\OBJ\DEBUG\GIM_MEMORY.OBJ
C:\PRAMOD\VIEW73 ENGINE\VIEW73 ENGINE\GRAPHICS\BIN\OBJ\DEBUG\GIM_TRI_COLLISION.OBJ
C:\PRAMOD\VIEW73 ENGINE\VIEW73 ENGINE\GRAPHICS\BIN\OBJ\DEBUG\VIEW73APPLICATIONROOT.OBJ
C:\PRAMOD\VIEW73 ENGINE\VIEW73 ENGINE\GRAPHICS\BIN\OBJ\DEBUG\VIEW73DEBUGSCENE.OBJ
C:\PRAMOD\VIEW73 ENGINE\VIEW73 ENGINE\GRAPHICS\BIN\OBJ\DEBUG\VIEW73GLDEBUGDRAWER.OBJ
C:\PRAMOD\VIEW73 ENGINE\VIEW73 ENGINE\GRAPHICS\BIN\OBJ\DEBUG\VIEW73PHYSICSDEBUGOBJECT.OBJ
C:\PRAMOD\VIEW73 ENGINE\VIEW73 ENGINE\GRAPHICS\BIN\OBJ\DEBUG\VIEW73SKELETONDEBUGOBJECT.OBJ
C:\PRAMOD\VIEW73 ENGINE\VIEW73 ENGINE\GRAPHICS\BIN\OBJ\DEBUG\BTCONVEXPOINTCLOUDSHAPE.OBJ
C:\PRAMOD\VIEW73 ENGINE\VIEW73 ENGINE\GRAPHICS\BIN\OBJ\DEBUG\BTCONVEXSHAPE.OBJ
C:\PRAMOD\VIEW73 ENGINE\VIEW73 ENGINE\GRAPHICS\BIN\OBJ\DEBUG\BTCONVEXTRIANGLEMESHSHAPE.OBJ
C:\PRAMOD\VIEW73 ENGINE\VIEW73 ENGINE\GRAPHICS\BIN\OBJ\DEBUG\BTCYLINDERSHAPE.OBJ
C:\PRAMOD\VIEW73 ENGINE\VIEW73 ENGINE\GRAPHICS\BIN\OBJ\DEBUG\BTEMPTYSHAPE.OBJ
C:\PRAMOD\VIEW73 ENGINE\VIEW73 ENGINE\GRAPHICS\BIN\OBJ\DEBUG\BTHEIGHTFIELDTERRAINSHAPE.OBJ
C:\PRAMOD\VIEW73 ENGINE\VIEW73 ENGINE\GRAPHICS\BIN\OBJ\DEBUG\BTMINKOWSKISUMSHAPE.OBJ
C:\PRAMOD\VIEW73 ENGINE\VIEW73 ENGINE\GRAPHICS\BIN\OBJ\DEBUG\BTMULTIMATERIALTRIANGLEMESHSHAPE.OBJ
C:\PRAMOD\VIEW73 ENGINE\VIEW73 ENGINE\GRAPHICS\BIN\OBJ\DEBUG\BTMULTISPHERESHAPE.OBJ
C:\PRAMOD\VIEW73 ENGINE\VIEW73 ENGINE\GRAPHICS\BIN\OBJ\DEBUG\BTOPTIMIZEDBVH.OBJ
C:\PRAMOD\VIEW73 ENGINE\VIEW73 ENGINE\GRAPHICS\BIN\OBJ\DEBUG\BTPOLYHEDRALCONVEXSHAPE.OBJ
C:\PRAMOD\VIEW73 ENGINE\VIEW73 ENGINE\GRAPHICS\BIN\OBJ\DEBUG\BTSCALEDBVHTRIANGLEMESHSHAPE.OBJ
C:\PRAMOD\VIEW73 ENGINE\VIEW73 ENGINE\GRAPHICS\BIN\OBJ\DEBUG\BTSHAPEHULL.OBJ
C:\PRAMOD\VIEW73 ENGINE\VIEW73 ENGINE\GRAPHICS\BIN\OBJ\DEBUG\BTSPHERESHAPE.OBJ
C:\PRAMOD\VIEW73 ENGINE\VIEW73 ENGINE\GRAPHICS\BIN\OBJ\DEBUG\BTSTATICPLANESHAPE.OBJ
C:\PRAMOD\VIEW73 ENGINE\VIEW73 ENGINE\GRAPHICS\BIN\OBJ\DEBUG\BTSTRIDINGMESHINTERFACE.OBJ
C:\PRAMOD\VIEW73 ENGINE\VIEW73 ENGINE\GRAPHICS\BIN\OBJ\DEBUG\BTTETRAHEDRONSHAPE.OBJ
C:\PRAMOD\VIEW73 ENGINE\VIEW73 ENGINE\GRAPHICS\BIN\OBJ\DEBUG\BTTRIANGLEBUFFER.OBJ
C:\PRAMOD\VIEW73 ENGINE\VIEW73 ENGINE\GRAPHICS\BIN\OBJ\DEBUG\BTTRIANGLECALLBACK.OBJ
C:\PRAMOD\VIEW73 ENGINE\VIEW73 ENGINE\GRAPHICS\BIN\OBJ\DEBUG\BTTRIANGLEINDEXVERTEXARRAY.OBJ
C:\PRAMOD\VIEW73 ENGINE\VIEW73 ENGINE\GRAPHICS\BIN\OBJ\DEBUG\BTGHOSTOBJECT.OBJ
C:\PRAMOD\VIEW73 ENGINE\VIEW73 ENGINE\GRAPHICS\BIN\OBJ\DEBUG\BTINTERNALEDGEUTILITY.OBJ
C:\PRAMOD\VIEW73 ENGINE\VIEW73 ENGINE\GRAPHICS\BIN\OBJ\DEBUG\BTMANIFOLDRESULT.OBJ
C:\PRAMOD\VIEW73 ENGINE\VIEW73 ENGINE\GRAPHICS\BIN\OBJ\DEBUG\BTSIMULATIONISLANDMANAGER.OBJ
C:\PRAMOD\VIEW73 ENGINE\VIEW73 ENGINE\GRAPHICS\BIN\OBJ\DEBUG\BTSPHEREBOXCOLLISIONALGORITHM.OBJ
C:\PRAMOD\VIEW73 ENGINE\VIEW73 ENGINE\GRAPHICS\BIN\OBJ\DEBUG\BTSPHERESPHERECOLLISIONALGORITHM.OBJ
C:\PRAMOD\VIEW73 ENGINE\VIEW73 ENGINE\GRAPHICS\BIN\OBJ\DEBUG\BTSPHERETRIANGLECOLLISIONALGORITHM.OBJ
C:\PRAMOD\VIEW73 ENGINE\VIEW73 ENGINE\GRAPHICS\BIN\OBJ\DEBUG\BTUNIONFIND.OBJ
C:\PRAMOD\VIEW73 ENGINE\VIEW73 ENGINE\GRAPHICS\BIN\OBJ\DEBUG\SPHERETRIANGLEDETECTOR.OBJ
C:\PRAMOD\VIEW73 ENGINE\VIEW73 ENGINE\GRAPHICS\BIN\OBJ\DEBUG\BTBOX2DSHAPE.OBJ
C:\PRAMOD\VIEW73 ENGINE\VIEW73 ENGINE\GRAPHICS\BIN\OBJ\DEBUG\BTBOXSHAPE.OBJ
C:\PRAMOD\VIEW73 ENGINE\VIEW73 ENGINE\GRAPHICS\BIN\OBJ\DEBUG\BTBVHTRIANGLEMESHSHAPE.OBJ
C:\PRAMOD\VIEW73 ENGINE\VIEW73 ENGINE\GRAPHICS\BIN\OBJ\DEBUG\BTCAPSULESHAPE.OBJ
C:\PRAMOD\VIEW73 ENGINE\VIEW73 ENGINE\GRAPHICS\BIN\OBJ\DEBUG\BTCOLLISIONSHAPE.OBJ
C:\PRAMOD\VIEW73 ENGINE\VIEW73 ENGINE\GRAPHICS\BIN\OBJ\DEBUG\BTCOMPOUNDSHAPE.OBJ
C:\PRAMOD\VIEW73 ENGINE\VIEW73 ENGINE\GRAPHICS\BIN\OBJ\DEBUG\BTCONCAVESHAPE.OBJ
C:\PRAMOD\VIEW73 ENGINE\VIEW73 ENGINE\GRAPHICS\BIN\OBJ\DEBUG\BTCONESHAPE.OBJ
C:\PRAMOD\VIEW73 ENGINE\VIEW73 ENGINE\GRAPHICS\BIN\OBJ\DEBUG\BTCONVEX2DSHAPE.OBJ
C:\PRAMOD\VIEW73 ENGINE\VIEW73 ENGINE\GRAPHICS\BIN\OBJ\DEBUG\BTCONVEXHULLSHAPE.OBJ
C:\PRAMOD\VIEW73 ENGINE\VIEW73 ENGINE\GRAPHICS\BIN\OBJ\DEBUG\BTCONVEXINTERNALSHAPE.OBJ
C:\PRAMOD\VIEW73 ENGINE\VIEW73 ENGINE\GRAPHICS\BIN\OBJ\DEBUG\BTGJKPAIRDETECTOR.OBJ
C:\PRAMOD\VIEW73 ENGINE\VIEW73 ENGINE\GRAPHICS\BIN\OBJ\DEBUG\BTMINKOWSKIPENETRATIONDEPTHSOLVER.OBJ
C:\PRAMOD\VIEW73 ENGINE\VIEW73 ENGINE\GRAPHICS\BIN\OBJ\DEBUG\BTPERSISTENTMANIFOLD.OBJ
C:\PRAMOD\VIEW73 ENGINE\VIEW73 ENGINE\GRAPHICS\BIN\OBJ\DEBUG\BTRAYCASTCALLBACK.OBJ
C:\PRAMOD\VIEW73 ENGINE\VIEW73 ENGINE\GRAPHICS\BIN\OBJ\DEBUG\BTSUBSIMPLEXCONVEXCAST.OBJ
C:\PRAMOD\VIEW73 ENGINE\VIEW73 ENGINE\GRAPHICS\BIN\OBJ\DEBUG\BTVORONOISIMPLEXSOLVER.OBJ
C:\PRAMOD\VIEW73 ENGINE\VIEW73 ENGINE\GRAPHICS\BIN\OBJ\DEBUG\BTACTIVATINGCOLLISIONALGORITHM.OBJ
C:\PRAMOD\VIEW73 ENGINE\VIEW73 ENGINE\GRAPHICS\BIN\OBJ\DEBUG\BTBOX2DBOX2DCOLLISIONALGORITHM.OBJ
C:\PRAMOD\VIEW73 ENGINE\VIEW73 ENGINE\GRAPHICS\BIN\OBJ\DEBUG\BTBOXBOXCOLLISIONALGORITHM.OBJ
C:\PRAMOD\VIEW73 ENGINE\VIEW73 ENGINE\GRAPHICS\BIN\OBJ\DEBUG\BTBOXBOXDETECTOR.OBJ
C:\PRAMOD\VIEW73 ENGINE\VIEW73 ENGINE\GRAPHICS\BIN\OBJ\DEBUG\BTCOLLISIONDISPATCHER.OBJ
C:\PRAMOD\VIEW73 ENGINE\VIEW73 ENGINE\GRAPHICS\BIN\OBJ\DEBUG\BTCOLLISIONOBJECT.OBJ
C:\PRAMOD\VIEW73 ENGINE\VIEW73 ENGINE\GRAPHICS\BIN\OBJ\DEBUG\BTCOLLISIONWORLD.OBJ
C:\PRAMOD\VIEW73 ENGINE\VIEW73 ENGINE\GRAPHICS\BIN\OBJ\DEBUG\BTCOMPOUNDCOLLISIONALGORITHM.OBJ
C:\PRAMOD\VIEW73 ENGINE\VIEW73 ENGINE\GRAPHICS\BIN\OBJ\DEBUG\BTCONVEX2DCONVEX2DALGORITHM.OBJ
C:\PRAMOD\VIEW73 ENGINE\VIEW73 ENGINE\GRAPHICS\BIN\OBJ\DEBUG\BTCONVEXCONCAVECOLLISIONALGORITHM.OBJ
C:\PRAMOD\VIEW73 ENGINE\VIEW73 ENGINE\GRAPHICS\BIN\OBJ\DEBUG\BTCONVEXCONVEXALGORITHM.OBJ
C:\PRAMOD\VIEW73 ENGINE\VIEW73 ENGINE\GRAPHICS\BIN\OBJ\DEBUG\BTCONVEXPLANECOLLISIONALGORITHM.OBJ
C:\PRAMOD\VIEW73 ENGINE\VIEW73 ENGINE\GRAPHICS\BIN\OBJ\DEBUG\BTDEFAULTCOLLISIONCONFIGURATION.OBJ
C:\PRAMOD\VIEW73 ENGINE\VIEW73 ENGINE\GRAPHICS\BIN\OBJ\DEBUG\BTEMPTYCOLLISIONALGORITHM.OBJ
C:\PRAMOD\VIEW73 ENGINE\VIEW73 ENGINE\GRAPHICS\BIN\OBJ\DEBUG\BTCONTINUOUSDYNAMICSWORLD.OBJ
C:\PRAMOD\VIEW73 ENGINE\VIEW73 ENGINE\GRAPHICS\BIN\OBJ\DEBUG\BTDISCRETEDYNAMICSWORLD.OBJ
C:\PRAMOD\VIEW73 ENGINE\VIEW73 ENGINE\GRAPHICS\BIN\OBJ\DEBUG\BTRIGIDBODY.OBJ
C:\PRAMOD\VIEW73 ENGINE\VIEW73 ENGINE\GRAPHICS\BIN\OBJ\DEBUG\BTSIMPLEDYNAMICSWORLD.OBJ
C:\PRAMOD\VIEW73 ENGINE\VIEW73 ENGINE\GRAPHICS\BIN\OBJ\DEBUG\BULLET-C-API.OBJ
C:\PRAMOD\VIEW73 ENGINE\VIEW73 ENGINE\GRAPHICS\BIN\OBJ\DEBUG\BTAXISSWEEP3.OBJ
C:\PRAMOD\VIEW73 ENGINE\VIEW73 ENGINE\GRAPHICS\BIN\OBJ\DEBUG\BTBROADPHASEPROXY.OBJ
C:\PRAMOD\VIEW73 ENGINE\VIEW73 ENGINE\GRAPHICS\BIN\OBJ\DEBUG\BTCOLLISIONALGORITHM.OBJ
C:\PRAMOD\VIEW73 ENGINE\VIEW73 ENGINE\GRAPHICS\BIN\OBJ\DEBUG\BTDBVT.OBJ
C:\PRAMOD\VIEW73 ENGINE\VIEW73 ENGINE\GRAPHICS\BIN\OBJ\DEBUG\BTDBVTBROADPHASE.OBJ
C:\PRAMOD\VIEW73 ENGINE\VIEW73 ENGINE\GRAPHICS\BIN\OBJ\DEBUG\BTDISPATCHER.OBJ
C:\PRAMOD\VIEW73 ENGINE\VIEW73 ENGINE\GRAPHICS\BIN\OBJ\DEBUG\BTMULTISAPBROADPHASE.OBJ
C:\PRAMOD\VIEW73 ENGINE\VIEW73 ENGINE\GRAPHICS\BIN\OBJ\DEBUG\BTOVERLAPPINGPAIRCACHE.OBJ
C:\PRAMOD\VIEW73 ENGINE\VIEW73 ENGINE\GRAPHICS\BIN\OBJ\DEBUG\BTQUANTIZEDBVH.OBJ
C:\PRAMOD\VIEW73 ENGINE\VIEW73 ENGINE\GRAPHICS\BIN\OBJ\DEBUG\BTSIMPLEBROADPHASE.OBJ
C:\PRAMOD\VIEW73 ENGINE\VIEW73 ENGINE\GRAPHICS\BIN\OBJ\DEBUG\BTCONTINUOUSCONVEXCOLLISION.OBJ
C:\PRAMOD\VIEW73 ENGINE\VIEW73 ENGINE\GRAPHICS\BIN\OBJ\DEBUG\BTCONVEXCAST.OBJ
C:\PRAMOD\VIEW73 ENGINE\VIEW73 ENGINE\GRAPHICS\BIN\OBJ\DEBUG\BTGJKCONVEXCAST.OBJ
C:\PRAMOD\VIEW73 ENGINE\VIEW73 ENGINE\GRAPHICS\BIN\OBJ\DEBUG\BTGJKEPA2.OBJ
C:\PRAMOD\VIEW73 ENGINE\VIEW73 ENGINE\GRAPHICS\BIN\OBJ\DEBUG\BTGJKEPAPENETRATIONDEPTHSOLVER.OBJ
C:\PRAMOD\VIEW73 ENGINE\VIEW73 ENGINE\GRAPHICS\BIN\OBJ\DEBUG\BTSOFTBODYHELPERS.OBJ
C:\PRAMOD\VIEW73 ENGINE\VIEW73 ENGINE\GRAPHICS\BIN\OBJ\DEBUG\BTSOFTBODYRIGIDBODYCOLLISIONCONFIGURATION.OBJ
C:\PRAMOD\VIEW73 ENGINE\VIEW73 ENGINE\GRAPHICS\BIN\OBJ\DEBUG\BTSOFTRIGIDCOLLISIONALGORITHM.OBJ
C:\PRAMOD\VIEW73 ENGINE\VIEW73 ENGINE\GRAPHICS\BIN\OBJ\DEBUG\BTSOFTRIGIDDYNAMICSWORLD.OBJ
C:\PRAMOD\VIEW73 ENGINE\VIEW73 ENGINE\GRAPHICS\BIN\OBJ\DEBUG\BTSOFTSOFTCOLLISIONALGORITHM.OBJ
C:\PRAMOD\VIEW73 ENGINE\VIEW73 ENGINE\GRAPHICS\BIN\OBJ\DEBUG\BTKINEMATICCHARACTERCONTROLLER.OBJ
C:\PRAMOD\VIEW73 ENGINE\VIEW73 ENGINE\GRAPHICS\BIN\OBJ\DEBUG\BTRAYCASTVEHICLE.OBJ
C:\PRAMOD\VIEW73 ENGINE\VIEW73 ENGINE\GRAPHICS\BIN\OBJ\DEBUG\BTWHEELINFO.OBJ
C:\PRAMOD\VIEW73 ENGINE\VIEW73 ENGINE\GRAPHICS\BIN\OBJ\DEBUG\BTCONETWISTCONSTRAINT.OBJ
C:\PRAMOD\VIEW73 ENGINE\VIEW73 ENGINE\GRAPHICS\BIN\OBJ\DEBUG\BTCONTACTCONSTRAINT.OBJ
C:\PRAMOD\VIEW73 ENGINE\VIEW73 ENGINE\GRAPHICS\BIN\OBJ\DEBUG\BTGENERIC6DOFCONSTRAINT.OBJ
C:\PRAMOD\VIEW73 ENGINE\VIEW73 ENGINE\GRAPHICS\BIN\OBJ\DEBUG\BTGENERIC6DOFSPRINGCONSTRAINT.OBJ
C:\PRAMOD\VIEW73 ENGINE\VIEW73 ENGINE\GRAPHICS\BIN\OBJ\DEBUG\BTHINGE2CONSTRAINT.OBJ
C:\PRAMOD\VIEW73 ENGINE\VIEW73 ENGINE\GRAPHICS\BIN\OBJ\DEBUG\BTHINGECONSTRAINT.OBJ
C:\PRAMOD\VIEW73 ENGINE\VIEW73 ENGINE\GRAPHICS\BIN\OBJ\DEBUG\BTPOINT2POINTCONSTRAINT.OBJ
C:\PRAMOD\VIEW73 ENGINE\VIEW73 ENGINE\GRAPHICS\BIN\OBJ\DEBUG\BTSEQUENTIALIMPULSECONSTRAINTSOLVER.OBJ
C:\PRAMOD\VIEW73 ENGINE\VIEW73 ENGINE\GRAPHICS\BIN\OBJ\DEBUG\BTSLIDERCONSTRAINT.OBJ
C:\PRAMOD\VIEW73 ENGINE\VIEW73 ENGINE\GRAPHICS\BIN\OBJ\DEBUG\BTSOLVE2LINEARCONSTRAINT.OBJ
C:\PRAMOD\VIEW73 ENGINE\VIEW73 ENGINE\GRAPHICS\BIN\OBJ\DEBUG\BTTYPEDCONSTRAINT.OBJ
C:\PRAMOD\VIEW73 ENGINE\VIEW73 ENGINE\GRAPHICS\BIN\OBJ\DEBUG\BTUNIVERSALCONSTRAINT.OBJ
C:\PRAMOD\VIEW73 ENGINE\VIEW73 ENGINE\GRAPHICS\BIN\OBJ\DEBUG\VIEW73CHARACTER.OBJ
C:\PRAMOD\VIEW73 ENGINE\VIEW73 ENGINE\GRAPHICS\BIN\OBJ\DEBUG\VIEW73CONTROLLERMANAGER.OBJ
C:\PRAMOD\VIEW73 ENGINE\VIEW73 ENGINE\GRAPHICS\BIN\OBJ\DEBUG\VIEW73NAVMESH.OBJ
C:\PRAMOD\VIEW73 ENGINE\VIEW73 ENGINE\GRAPHICS\BIN\OBJ\DEBUG\VIEW73PLAYERCHARACTERCONTROLLER.OBJ
C:\PRAMOD\VIEW73 ENGINE\VIEW73 ENGINE\GRAPHICS\BIN\OBJ\DEBUG\VIEW73SIMPLESTATEMACHINE.OBJ
C:\PRAMOD\VIEW73 ENGINE\VIEW73 ENGINE\GRAPHICS\BIN\OBJ\DEBUG\VIEW73DEFAULTINPUTSYSTEM.OBJ
C:\PRAMOD\VIEW73 ENGINE\VIEW73 ENGINE\GRAPHICS\BIN\OBJ\DEBUG\VIEW73EVENT.OBJ
C:\PRAMOD\VIEW73 ENGINE\VIEW73 ENGINE\GRAPHICS\BIN\OBJ\DEBUG\VIEW73INPUTMANAGER.OBJ
C:\PRAMOD\VIEW73 ENGINE\VIEW73 ENGINE\GRAPHICS\BIN\OBJ\DEBUG\VIEW73INPUTMETHODKEY.OBJ
C:\PRAMOD\VIEW73 ENGINE\VIEW73 ENGINE\GRAPHICS\BIN\OBJ\DEBUG\VIEW73INPUTSYSTEM.OBJ
C:\PRAMOD\VIEW73 ENGINE\VIEW73 ENGINE\GRAPHICS\BIN\OBJ\DEBUG\VIEW73RIGIDBODYTONODETRANSFORMER.OBJ
C:\PRAMOD\VIEW73 ENGINE\VIEW73 ENGINE\GRAPHICS\BIN\OBJ\DEBUG\VIEW73TRANSFORMERMANAGER.OBJ
C:\PRAMOD\VIEW73 ENGINE\VIEW73 ENGINE\GRAPHICS\BIN\OBJ\DEBUG\BTALIGNEDALLOCATOR.OBJ
C:\PRAMOD\VIEW73 ENGINE\VIEW73 ENGINE\GRAPHICS\BIN\OBJ\DEBUG\BTCONVEXHULL.OBJ
C:\PRAMOD\VIEW73 ENGINE\VIEW73 ENGINE\GRAPHICS\BIN\OBJ\DEBUG\BTGEOMETRYUTIL.OBJ
C:\PRAMOD\VIEW73 ENGINE\VIEW73 ENGINE\GRAPHICS\BIN\OBJ\DEBUG\BTQUICKPROF.OBJ
C:\PRAMOD\VIEW73 ENGINE\VIEW73 ENGINE\GRAPHICS\BIN\OBJ\DEBUG\BTSERIALIZER.OBJ
C:\PRAMOD\VIEW73 ENGINE\VIEW73 ENGINE\GRAPHICS\BIN\OBJ\DEBUG\BTDEFAULTSOFTBODYSOLVER.OBJ
C:\PRAMOD\VIEW73 ENGINE\VIEW73 ENGINE\GRAPHICS\BIN\OBJ\DEBUG\BTSOFTBODY.OBJ
C:\PRAMOD\VIEW73 ENGINE\VIEW73 ENGINE\GRAPHICS\BIN\OBJ\DEBUG\BTSOFTBODYCONCAVECOLLISIONALGORITHM.OBJ
C:\PRAMOD\VIEW73 ENGINE\VIEW73 ENGINE\GRAPHICS\BIN\OBJ\DEBUG\VIEW73OVERLAYSCREEN.OBJ
C:\PRAMOD\VIEW73 ENGINE\VIEW73 ENGINE\GRAPHICS\BIN\OBJ\DEBUG\VIEW73SCENEMANAGER.OBJ
C:\PRAMOD\VIEW73 ENGINE\VIEW73 ENGINE\GRAPHICS\BIN\OBJ\DEBUG\VIEW73SCENENODE.OBJ
C:\PRAMOD\VIEW73 ENGINE\VIEW73 ENGINE\GRAPHICS\BIN\OBJ\DEBUG\VIEW73SKELETON.OBJ
C:\PRAMOD\VIEW73 ENGINE\VIEW73 ENGINE\GRAPHICS\BIN\OBJ\DEBUG\VIEW73SKELETONMANAGER.OBJ
C:\PRAMOD\VIEW73 ENGINE\VIEW73 ENGINE\GRAPHICS\BIN\OBJ\DEBUG\VIEW73SUBMESH.OBJ
C:\PRAMOD\VIEW73 ENGINE\VIEW73 ENGINE\GRAPHICS\BIN\OBJ\DEBUG\VIEW73VIEWPORT.OBJ
C:\PRAMOD\VIEW73 ENGINE\VIEW73 ENGINE\GRAPHICS\BIN\OBJ\DEBUG\VIEW73AUTOSHADERPARAMETER.OBJ
C:\PRAMOD\VIEW73 ENGINE\VIEW73 ENGINE\GRAPHICS\BIN\OBJ\DEBUG\VIEW73FRAGMENTPROGRAM.OBJ
C:\PRAMOD\VIEW73 ENGINE\VIEW73 ENGINE\GRAPHICS\BIN\OBJ\DEBUG\VIEW73SHADEREFFECT.OBJ
C:\PRAMOD\VIEW73 ENGINE\VIEW73 ENGINE\GRAPHICS\BIN\OBJ\DEBUG\VIEW73SHADEREFFECTINSTANCE.OBJ
C:\PRAMOD\VIEW73 ENGINE\VIEW73 ENGINE\GRAPHICS\BIN\OBJ\DEBUG\VIEW73SHADERMANAGER.OBJ
C:\PRAMOD\VIEW73 ENGINE\VIEW73 ENGINE\GRAPHICS\BIN\OBJ\DEBUG\VIEW73SHADERPARAMETER.OBJ
C:\PRAMOD\VIEW73 ENGINE\VIEW73 ENGINE\GRAPHICS\BIN\OBJ\DEBUG\VIEW73SHADERPASS.OBJ
C:\PRAMOD\VIEW73 ENGINE\VIEW73 ENGINE\GRAPHICS\BIN\OBJ\DEBUG\VIEW73SHADERPROGRAM.OBJ
C:\PRAMOD\VIEW73 ENGINE\VIEW73 ENGINE\GRAPHICS\BIN\OBJ\DEBUG\VIEW73SHADERTECHNIQUE.OBJ
C:\PRAMOD\VIEW73 ENGINE\VIEW73 ENGINE\GRAPHICS\BIN\OBJ\DEBUG\VIEW73VERTEXPROGRAM.OBJ
C:\PRAMOD\VIEW73 ENGINE\VIEW73 ENGINE\GRAPHICS\BIN\OBJ\DEBUG\VIEW73ACTORMANAGER.OBJ
C:\PRAMOD\VIEW73 ENGINE\VIEW73 ENGINE\GRAPHICS\BIN\OBJ\DEBUG\VIEW73ACTORORTOKEN.OBJ
C:\PRAMOD\VIEW73 ENGINE\VIEW73 ENGINE\GRAPHICS\BIN\OBJ\DEBUG\VIEW73CAR.OBJ
C:\PRAMOD\VIEW73 ENGINE\VIEW73 ENGINE\GRAPHICS\BIN\OBJ\DEBUG\VIEW73VECTOR2.OBJ
C:\PRAMOD\VIEW73 ENGINE\VIEW73 ENGINE\GRAPHICS\BIN\OBJ\DEBUG\VIEW73VECTOR3.OBJ
C:\PRAMOD\VIEW73 ENGINE\VIEW73 ENGINE\GRAPHICS\BIN\OBJ\DEBUG\VIEW73VECTOR4.OBJ
C:\PRAMOD\VIEW73 ENGINE\VIEW73 ENGINE\GRAPHICS\BIN\OBJ\DEBUG\VIEW73BASICSCENEMANAGER.OBJ
C:\PRAMOD\VIEW73 ENGINE\VIEW73 ENGINE\GRAPHICS\BIN\OBJ\DEBUG\VIEW73BONE.OBJ
C:\PRAMOD\VIEW73 ENGINE\VIEW73 ENGINE\GRAPHICS\BIN\OBJ\DEBUG\VIEW73CAMERA.OBJ
C:\PRAMOD\VIEW73 ENGINE\VIEW73 ENGINE\GRAPHICS\BIN\OBJ\DEBUG\VIEW73COLOUR.OBJ
C:\PRAMOD\VIEW73 ENGINE\VIEW73 ENGINE\GRAPHICS\BIN\OBJ\DEBUG\VIEW73FRUSTRUM.OBJ
C:\PRAMOD\VIEW73 ENGINE\VIEW73 ENGINE\GRAPHICS\BIN\OBJ\DEBUG\VIEW73GRAPHICSROOT.OBJ
C:\PRAMOD\VIEW73 ENGINE\VIEW73 ENGINE\GRAPHICS\BIN\OBJ\DEBUG\VIEW73LIGHT.OBJ
C:\PRAMOD\VIEW73 ENGINE\VIEW73 ENGINE\GRAPHICS\BIN\OBJ\DEBUG\VIEW73LIGHTMANAGER.OBJ
C:\PRAMOD\VIEW73 ENGINE\VIEW73 ENGINE\GRAPHICS\BIN\OBJ\DEBUG\VIEW73MATERIAL.OBJ
C:\PRAMOD\VIEW73 ENGINE\VIEW73 ENGINE\GRAPHICS\BIN\OBJ\DEBUG\VIEW73MATERIALMANAGER.OBJ
C:\PRAMOD\VIEW73 ENGINE\VIEW73 ENGINE\GRAPHICS\BIN\OBJ\DEBUG\VIEW73MESH.OBJ
C:\PRAMOD\VIEW73 ENGINE\VIEW73 ENGINE\GRAPHICS\BIN\OBJ\DEBUG\VIEW73MESHMANAGER.OBJ
C:\PRAMOD\VIEW73 ENGINE\VIEW73 ENGINE\GRAPHICS\BIN\OBJ\DEBUG\VIEW73MESHMODIFIER.OBJ
C:\PRAMOD\VIEW73 ENGINE\VIEW73 ENGINE\GRAPHICS\BIN\OBJ\DEBUG\VIEW73NODE.OBJ
C:\PRAMOD\VIEW73 ENGINE\VIEW73 ENGINE\GRAPHICS\BIN\OBJ\DEBUG\VIEW73OVERLAY.OBJ
C:\PRAMOD\VIEW73 ENGINE\VIEW73 ENGINE\GRAPHICS\BIN\OBJ\DEBUG\VIEW73OVERLAYFRUSTRUM.OBJ
C:\PRAMOD\VIEW73 ENGINE\VIEW73 ENGINE\GRAPHICS\BIN\OBJ\DEBUG\VIEW73OVERLAYSCENEMANAGER.OBJ
C:\PRAMOD\VIEW73 ENGINE\VIEW73 ENGINE\GRAPHICS\BIN\OBJ\DEBUG\VIEW73ACTORENTEREXITTRIGGER.OBJ
C:\PRAMOD\VIEW73 ENGINE\VIEW73 ENGINE\GRAPHICS\BIN\OBJ\DEBUG\VIEW73COLLISIONDISPATCHER.OBJ
C:\PRAMOD\VIEW73 ENGINE\VIEW73 ENGINE\GRAPHICS\BIN\OBJ\DEBUG\VIEW73DYNAMICSWORLD.OBJ
C:\PRAMOD\VIEW73 ENGINE\VIEW73 ENGINE\GRAPHICS\BIN\OBJ\DEBUG\VIEW73ONACTORINSIDETRIGGER.OBJ
C:\PRAMOD\VIEW73 ENGINE\VIEW73 ENGINE\GRAPHICS\BIN\OBJ\DEBUG\VIEW73PHYSICS.OBJ
C:\PRAMOD\VIEW73 ENGINE\VIEW73 ENGINE\GRAPHICS\BIN\OBJ\DEBUG\VIEW73TRIGGER.OBJ
C:\PRAMOD\VIEW73 ENGINE\VIEW73 ENGINE\GRAPHICS\BIN\OBJ\DEBUG\VIEW73COLLISION2D.OBJ
C:\PRAMOD\VIEW73 ENGINE\VIEW73 ENGINE\GRAPHICS\BIN\OBJ\DEBUG\VIEW73FILE.OBJ
C:\PRAMOD\VIEW73 ENGINE\VIEW73 ENGINE\GRAPHICS\BIN\OBJ\DEBUG\VIEW73GEOMETRYBINARY.OBJ
C:\PRAMOD\VIEW73 ENGINE\VIEW73 ENGINE\GRAPHICS\BIN\OBJ\DEBUG\VIEW73LOGMANAGER.OBJ
C:\PRAMOD\VIEW73 ENGINE\VIEW73 ENGINE\GRAPHICS\BIN\OBJ\DEBUG\VIEW73LOGOUTPUTTARGETOUTPUTWINDOW.OBJ
C:\PRAMOD\VIEW73 ENGINE\VIEW73 ENGINE\GRAPHICS\BIN\OBJ\DEBUG\VIEW73OBJMESHLOADER.OBJ
C:\PRAMOD\VIEW73 ENGINE\VIEW73 ENGINE\GRAPHICS\BIN\OBJ\DEBUG\VIEW73SKELETONBINARY.OBJ
C:\PRAMOD\VIEW73 ENGINE\VIEW73 ENGINE\GRAPHICS\BIN\OBJ\DEBUG\VIEW73STRINGTOKENIZER.OBJ
C:\PRAMOD\VIEW73 ENGINE\VIEW73 ENGINE\GRAPHICS\BIN\OBJ\DEBUG\VIEW73MATRIX22.OBJ
C:\PRAMOD\VIEW73 ENGINE\VIEW73 ENGINE\GRAPHICS\BIN\OBJ\DEBUG\VIEW73MATRIX33.OBJ
C:\PRAMOD\VIEW73 ENGINE\VIEW73 ENGINE\GRAPHICS\BIN\OBJ\DEBUG\VIEW73MATRIX44.OBJ
C:\PRAMOD\VIEW73 ENGINE\VIEW73 ENGINE\GRAPHICS\BIN\OBJ\DEBUG\VIEW73QUATERNION.OBJ
C:\PRAMOD\VIEW73 ENGINE\VIEW73 ENGINE\GRAPHICS\BIN\OBJ\DEBUG\VC110.PDB
C:\PRAMOD\VIEW73 ENGINE\VIEW73 ENGINE\GRAPHICS\BIN\OBJ\DEBUG\GLEW.OBJ
C:\PRAMOD\VIEW73 ENGINE\VIEW73 ENGINE\GRAPHICS\BIN\OBJ\DEBUG\BASICCAMERACONTROLLER.OBJ
C:\PRAMOD\VIEW73 ENGINE\VIEW73 ENGINE\GRAPHICS\BIN\OBJ\DEBUG\GAMEAPPLICATION.OBJ
C:\PRAMOD\VIEW73 ENGINE\VIEW73 ENGINE\GRAPHICS\BIN\OBJ\DEBUG\GAMECARCONTROLLER.OBJ
C:\PRAMOD\VIEW73 ENGINE\VIEW73 ENGINE\GRAPHICS\BIN\OBJ\DEBUG\GAMEPLAYERCHARACTERCONTROLLER.OBJ
C:\PRAMOD\VIEW73 ENGINE\VIEW73 ENGINE\GRAPHICS\BIN\OBJ\DEBUG\GLKEYINPUTMETHOD.OBJ
C:\PRAMOD\VIEW73 ENGINE\VIEW73 ENGINE\GRAPHICS\BIN\OBJ\DEBUG\PLAYER.OBJ
C:\PRAMOD\VIEW73 ENGINE\VIEW73 ENGINE\GRAPHICS\BIN\OBJ\DEBUG\GLDEBUGFONT.OBJ
C:\PRAMOD\VIEW73 ENGINE\VIEW73 ENGINE\GRAPHICS\BIN\OBJ\DEBUG\LESSON40.OBJ
C:\PRAMOD\VIEW73 ENGINE\VIEW73 ENGINE\GRAPHICS\BIN\OBJ\DEBUG\NEHEGL.OBJ
C:\PRAMOD\VIEW73 ENGINE\VIEW73 ENGINE\GRAPHICS\BIN\LIB\DEBUG\VIEW73.LIB
C:\PRAMOD\VIEW73 ENGINE\VIEW73 ENGINE\GRAPHICS\BIN\DEBUG\GAME.ILK
C:\PRAMOD\VIEW73 ENGINE\VIEW73 ENGINE\GRAPHICS\BIN\DEBUG\GAME.EXE
C:\PRAMOD\VIEW73 ENGINE\VIEW73 ENGINE\GRAPHICS\BIN\DEBUG\GAME.PDB
C:\Pramod\View73 Engine\View73 Engine\Graphics\bin\obj\Debug\BasicCameraController.obj
C:\Pramod\View73 Engine\View73 Engine\Graphics\bin\obj\Debug\btActivatingCollisionAlgorithm.obj
C:\Pramod\View73 Engine\View73 Engine\Graphics\bin\obj\Debug\btAlignedAllocator.obj
C:\Pramod\View73 Engine\View73 Engine\Graphics\bin\obj\Debug\btAxisSweep3.obj
C:\Pramod\View73 Engine\View73 Engine\Graphics\bin\obj\Debug\btBox2dBox2dCollisionAlgorithm.obj
C:\Pramod\View73 Engine\View73 Engine\Graphics\bin\obj\Debug\btBox2dShape.obj
C:\Pramod\View73 Engine\View73 Engine\Graphics\bin\obj\Debug\btBoxBoxCollisionAlgorithm.obj
C:\Pramod\View73 Engine\View73 Engine\Graphics\bin\obj\Debug\btBoxBoxDetector.obj
C:\Pramod\View73 Engine\View73 Engine\Graphics\bin\obj\Debug\btBoxShape.obj
C:\Pramod\View73 Engine\View73 Engine\Graphics\bin\obj\Debug\btBroadphaseProxy.obj
C:\Pramod\View73 Engine\View73 Engine\Graphics\bin\obj\Debug\btBvhTriangleMeshShape.obj
C:\Pramod\View73 Engine\View73 Engine\Graphics\bin\obj\Debug\btCapsuleShape.obj
C:\Pramod\View73 Engine\View73 Engine\Graphics\bin\obj\Debug\btCollisionAlgorithm.obj
C:\Pramod\View73 Engine\View73 Engine\Graphics\bin\obj\Debug\btCollisionDispatcher.obj
C:\Pramod\View73 Engine\View73 Engine\Graphics\bin\obj\Debug\btCollisionObject.obj
C:\Pramod\View73 Engine\View73 Engine\Graphics\bin\obj\Debug\btCollisionShape.obj
C:\Pramod\View73 Engine\View73 Engine\Graphics\bin\obj\Debug\btCollisionWorld.obj
C:\Pramod\View73 Engine\View73 Engine\Graphics\bin\obj\Debug\btCompoundCollisionAlgorithm.obj
C:\Pramod\View73 Engine\View73 Engine\Graphics\bin\obj\Debug\btCompoundShape.obj
C:\Pramod\View73 Engine\View73 Engine\Graphics\bin\obj\Debug\btConcaveShape.obj
C:\Pramod\View73 Engine\View73 Engine\Graphics\bin\obj\Debug\btConeShape.obj
C:\Pramod\View73 Engine\View73 Engine\Graphics\bin\obj\Debug\btConeTwistConstraint.obj
C:\Pramod\View73 Engine\View73 Engine\Graphics\bin\obj\Debug\btContactConstraint.obj
C:\Pramod\View73 Engine\View73 Engine\Graphics\bin\obj\Debug\btContactProcessing.obj
C:\Pramod\View73 Engine\View73 Engine\Graphics\bin\obj\Debug\btContinuousConvexCollision.obj
C:\Pramod\View73 Engine\View73 Engine\Graphics\bin\obj\Debug\btContinuousDynamicsWorld.obj
C:\Pramod\View73 Engine\View73 Engine\Graphics\bin\obj\Debug\btConvex2dConvex2dAlgorithm.obj
C:\Pramod\View73 Engine\View73 Engine\Graphics\bin\obj\Debug\btConvex2dShape.obj
C:\Pramod\View73 Engine\View73 Engine\Graphics\bin\obj\Debug\btConvexCast.obj
C:\Pramod\View73 Engine\View73 Engine\Graphics\bin\obj\Debug\btConvexConcaveCollisionAlgorithm.obj
C:\Pramod\View73 Engine\View73 Engine\Graphics\bin\obj\Debug\btConvexConvexAlgorithm.obj
C:\Pramod\View73 Engine\View73 Engine\Graphics\bin\obj\Debug\btConvexHull.obj
C:\Pramod\View73 Engine\View73 Engine\Graphics\bin\obj\Debug\btConvexHullShape.obj
C:\Pramod\View73 Engine\View73 Engine\Graphics\bin\obj\Debug\btConvexInternalShape.obj
C:\Pramod\View73 Engine\View73 Engine\Graphics\bin\obj\Debug\btConvexPlaneCollisionAlgorithm.obj
C:\Pramod\View73 Engine\View73 Engine\Graphics\bin\obj\Debug\btConvexPointCloudShape.obj
C:\Pramod\View73 Engine\View73 Engine\Graphics\bin\obj\Debug\btConvexShape.obj
C:\Pramod\View73 Engine\View73 Engine\Graphics\bin\obj\Debug\btConvexTriangleMeshShape.obj
C:\Pramod\View73 Engine\View73 Engine\Graphics\bin\obj\Debug\btCylinderShape.obj
C:\Pramod\View73 Engine\View73 Engine\Graphics\bin\obj\Debug\btDbvt.obj
C:\Pramod\View73 Engine\View73 Engine\Graphics\bin\obj\Debug\btDbvtBroadphase.obj
C:\Pramod\View73 Engine\View73 Engine\Graphics\bin\obj\Debug\btDefaultCollisionConfiguration.obj
C:\Pramod\View73 Engine\View73 Engine\Graphics\bin\obj\Debug\btDefaultSoftBodySolver.obj
C:\Pramod\View73 Engine\View73 Engine\Graphics\bin\obj\Debug\btDiscreteDynamicsWorld.obj
C:\Pramod\View73 Engine\View73 Engine\Graphics\bin\obj\Debug\btDispatcher.obj
C:\Pramod\View73 Engine\View73 Engine\Graphics\bin\obj\Debug\btEmptyCollisionAlgorithm.obj
C:\Pramod\View73 Engine\View73 Engine\Graphics\bin\obj\Debug\btEmptyShape.obj
C:\Pramod\View73 Engine\View73 Engine\Graphics\bin\obj\Debug\btGeneric6DofConstraint.obj
C:\Pramod\View73 Engine\View73 Engine\Graphics\bin\obj\Debug\btGeneric6DofSpringConstraint.obj
C:\Pramod\View73 Engine\View73 Engine\Graphics\bin\obj\Debug\btGenericPoolAllocator.obj
C:\Pramod\View73 Engine\View73 Engine\Graphics\bin\obj\Debug\btGeometryUtil.obj
C:\Pramod\View73 Engine\View73 Engine\Graphics\bin\obj\Debug\btGhostObject.obj
C:\Pramod\View73 Engine\View73 Engine\Graphics\bin\obj\Debug\btGImpactBvh.obj
C:\Pramod\View73 Engine\View73 Engine\Graphics\bin\obj\Debug\btGImpactCollisionAlgorithm.obj
C:\Pramod\View73 Engine\View73 Engine\Graphics\bin\obj\Debug\btGImpactQuantizedBvh.obj
C:\Pramod\View73 Engine\View73 Engine\Graphics\bin\obj\Debug\btGImpactShape.obj
C:\Pramod\View73 Engine\View73 Engine\Graphics\bin\obj\Debug\btGjkConvexCast.obj
C:\Pramod\View73 Engine\View73 Engine\Graphics\bin\obj\Debug\btGjkEpa2.obj
C:\Pramod\View73 Engine\View73 Engine\Graphics\bin\obj\Debug\btGjkEpaPenetrationDepthSolver.obj
C:\Pramod\View73 Engine\View73 Engine\Graphics\bin\obj\Debug\btGjkPairDetector.obj
C:\Pramod\View73 Engine\View73 Engine\Graphics\bin\obj\Debug\btHeightfieldTerrainShape.obj
C:\Pramod\View73 Engine\View73 Engine\Graphics\bin\obj\Debug\btHinge2Constraint.obj
C:\Pramod\View73 Engine\View73 Engine\Graphics\bin\obj\Debug\btHingeConstraint.obj
C:\Pramod\View73 Engine\View73 Engine\Graphics\bin\obj\Debug\btInternalEdgeUtility.obj
C:\Pramod\View73 Engine\View73 Engine\Graphics\bin\obj\Debug\btKinematicCharacterController.obj
C:\Pramod\View73 Engine\View73 Engine\Graphics\bin\obj\Debug\btManifoldResult.obj
C:\Pramod\View73 Engine\View73 Engine\Graphics\bin\obj\Debug\btMinkowskiPenetrationDepthSolver.obj
C:\Pramod\View73 Engine\View73 Engine\Graphics\bin\obj\Debug\btMinkowskiSumShape.obj
C:\Pramod\View73 Engine\View73 Engine\Graphics\bin\obj\Debug\btMultimaterialTriangleMeshShape.obj
C:\Pramod\View73 Engine\View73 Engine\Graphics\bin\obj\Debug\btMultiSapBroadphase.obj
C:\Pramod\View73 Engine\View73 Engine\Graphics\bin\obj\Debug\btMultiSphereShape.obj
C:\Pramod\View73 Engine\View73 Engine\Graphics\bin\obj\Debug\btOptimizedBvh.obj
C:\Pramod\View73 Engine\View73 Engine\Graphics\bin\obj\Debug\btOverlappingPairCache.obj
C:\Pramod\View73 Engine\View73 Engine\Graphics\bin\obj\Debug\btPersistentManifold.obj
C:\Pramod\View73 Engine\View73 Engine\Graphics\bin\obj\Debug\btPoint2PointConstraint.obj
C:\Pramod\View73 Engine\View73 Engine\Graphics\bin\obj\Debug\btPolyhedralConvexShape.obj
C:\Pramod\View73 Engine\View73 Engine\Graphics\bin\obj\Debug\btQuantizedBvh.obj
C:\Pramod\View73 Engine\View73 Engine\Graphics\bin\obj\Debug\btQuickprof.obj
C:\Pramod\View73 Engine\View73 Engine\Graphics\bin\obj\Debug\btRaycastCallback.obj
C:\Pramod\View73 Engine\View73 Engine\Graphics\bin\obj\Debug\btRaycastVehicle.obj
C:\Pramod\View73 Engine\View73 Engine\Graphics\bin\obj\Debug\btRigidBody.obj
C:\Pramod\View73 Engine\View73 Engine\Graphics\bin\obj\Debug\btScaledBvhTriangleMeshShape.obj
C:\Pramod\View73 Engine\View73 Engine\Graphics\bin\obj\Debug\btSequentialImpulseConstraintSolver.obj
C:\Pramod\View73 Engine\View73 Engine\Graphics\bin\obj\Debug\btSerializer.obj
C:\Pramod\View73 Engine\View73 Engine\Graphics\bin\obj\Debug\btShapeHull.obj
C:\Pramod\View73 Engine\View73 Engine\Graphics\bin\obj\Debug\btSimpleBroadphase.obj
C:\Pramod\View73 Engine\View73 Engine\Graphics\bin\obj\Debug\btSimpleDynamicsWorld.obj
C:\Pramod\View73 Engine\View73 Engine\Graphics\bin\obj\Debug\btSimulationIslandManager.obj
C:\Pramod\View73 Engine\View73 Engine\Graphics\bin\obj\Debug\btSliderConstraint.obj
C:\Pramod\View73 Engine\View73 Engine\Graphics\bin\obj\Debug\btSoftBody.obj
C:\Pramod\View73 Engine\View73 Engine\Graphics\bin\obj\Debug\btSoftBodyConcaveCollisionAlgorithm.obj
C:\Pramod\View73 Engine\View73 Engine\Graphics\bin\obj\Debug\btSoftBodyHelpers.obj
C:\Pramod\View73 Engine\View73 Engine\Graphics\bin\obj\Debug\btSoftBodyRigidBodyCollisionConfiguration.obj
C:\Pramod\View73 Engine\View73 Engine\Graphics\bin\obj\Debug\btSoftRigidCollisionAlgorithm.obj
C:\Pramod\View73 Engine\View73 Engine\Graphics\bin\obj\Debug\btSoftRigidDynamicsWorld.obj
C:\Pramod\View73 Engine\View73 Engine\Graphics\bin\obj\Debug\btSoftSoftCollisionAlgorithm.obj
C:\Pramod\View73 Engine\View73 Engine\Graphics\bin\obj\Debug\btSolve2LinearConstraint.obj
C:\Pramod\View73 Engine\View73 Engine\Graphics\bin\obj\Debug\btSphereBoxCollisionAlgorithm.obj
C:\Pramod\View73 Engine\View73 Engine\Graphics\bin\obj\Debug\btSphereShape.obj
C:\Pramod\View73 Engine\View73 Engine\Graphics\bin\obj\Debug\btSphereSphereCollisionAlgorithm.obj
C:\Pramod\View73 Engine\View73 Engine\Graphics\bin\obj\Debug\btSphereTriangleCollisionAlgorithm.obj
C:\Pramod\View73 Engine\View73 Engine\Graphics\bin\obj\Debug\btStaticPlaneShape.obj
C:\Pramod\View73 Engine\View73 Engine\Graphics\bin\obj\Debug\btStridingMeshInterface.obj
C:\Pramod\View73 Engine\View73 Engine\Graphics\bin\obj\Debug\btSubSimplexConvexCast.obj
C:\Pramod\View73 Engine\View73 Engine\Graphics\bin\obj\Debug\btTetrahedronShape.obj
C:\Pramod\View73 Engine\View73 Engine\Graphics\bin\obj\Debug\btTriangleBuffer.obj
C:\Pramod\View73 Engine\View73 Engine\Graphics\bin\obj\Debug\btTriangleCallback.obj
C:\Pramod\View73 Engine\View73 Engine\Graphics\bin\obj\Debug\btTriangleIndexVertexArray.obj
C:\Pramod\View73 Engine\View73 Engine\Graphics\bin\obj\Debug\btTriangleIndexVertexMaterialArray.obj
C:\Pramod\View73 Engine\View73 Engine\Graphics\bin\obj\Debug\btTriangleMesh.obj
C:\Pramod\View73 Engine\View73 Engine\Graphics\bin\obj\Debug\btTriangleMeshShape.obj
C:\Pramod\View73 Engine\View73 Engine\Graphics\bin\obj\Debug\btTriangleShapeEx.obj
C:\Pramod\View73 Engine\View73 Engine\Graphics\bin\obj\Debug\btTypedConstraint.obj
C:\Pramod\View73 Engine\View73 Engine\Graphics\bin\obj\Debug\btUniformScalingShape.obj
C:\Pramod\View73 Engine\View73 Engine\Graphics\bin\obj\Debug\btUnionFind.obj
C:\Pramod\View73 Engine\View73 Engine\Graphics\bin\obj\Debug\btUniversalConstraint.obj
C:\Pramod\View73 Engine\View73 Engine\Graphics\bin\obj\Debug\btVoronoiSimplexSolver.obj
C:\Pramod\View73 Engine\View73 Engine\Graphics\bin\obj\Debug\btWheelInfo.obj
C:\Pramod\View73 Engine\View73 Engine\Graphics\bin\obj\Debug\Bullet-C-API.obj
C:\Pramod\View73 Engine\View73 Engine\Graphics\bin\obj\Debug\GameApplication.obj
C:\Pramod\View73 Engine\View73 Engine\Graphics\bin\obj\Debug\GameCarController.obj
C:\Pramod\View73 Engine\View73 Engine\Graphics\bin\obj\Debug\GamePlayerCharacterController.obj
C:\Pramod\View73 Engine\View73 Engine\Graphics\bin\obj\Debug\gim_box_set.obj
C:\Pramod\View73 Engine\View73 Engine\Graphics\bin\obj\Debug\gim_contact.obj
C:\Pramod\View73 Engine\View73 Engine\Graphics\bin\obj\Debug\gim_memory.obj
C:\Pramod\View73 Engine\View73 Engine\Graphics\bin\obj\Debug\gim_tri_collision.obj
C:\Pramod\View73 Engine\View73 Engine\Graphics\bin\obj\Debug\GLDebugFont.obj
C:\Pramod\View73 Engine\View73 Engine\Graphics\bin\obj\Debug\glew.obj
C:\Pramod\View73 Engine\View73 Engine\Graphics\bin\obj\Debug\GLKeyInputMethod.obj
C:\Pramod\View73 Engine\View73 Engine\Graphics\bin\obj\Debug\Lesson40.obj
C:\Pramod\View73 Engine\View73 Engine\Graphics\bin\obj\Debug\NeHeGL.obj
C:\Pramod\View73 Engine\View73 Engine\Graphics\bin\obj\Debug\Player.obj
C:\Pramod\View73 Engine\View73 Engine\Graphics\bin\obj\Debug\SphereTriangleDetector.obj
C:\Pramod\View73 Engine\View73 Engine\Graphics\bin\obj\Debug\View73ActorEnterExitTrigger.obj
C:\Pramod\View73 Engine\View73 Engine\Graphics\bin\obj\Debug\View73ActorManager.obj
C:\Pramod\View73 Engine\View73 Engine\Graphics\bin\obj\Debug\View73ActorOrToken.obj
C:\Pramod\View73 Engine\View73 Engine\Graphics\bin\obj\Debug\View73ApplicationRoot.obj
C:\Pramod\View73 Engine\View73 Engine\Graphics\bin\obj\Debug\View73AutoShaderParameter.obj
C:\Pramod\View73 Engine\View73 Engine\Graphics\bin\obj\Debug\View73BasicSceneManager.obj
C:\Pramod\View73 Engine\View73 Engine\Graphics\bin\obj\Debug\View73Bone.obj
C:\Pramod\View73 Engine\View73 Engine\Graphics\bin\obj\Debug\View73Camera.obj
C:\Pramod\View73 Engine\View73 Engine\Graphics\bin\obj\Debug\View73Car.obj
C:\Pramod\View73 Engine\View73 Engine\Graphics\bin\obj\Debug\View73Character.obj
C:\Pramod\View73 Engine\View73 Engine\Graphics\bin\obj\Debug\View73Collision2D.obj
C:\Pramod\View73 Engine\View73 Engine\Graphics\bin\obj\Debug\View73CollisionDispatcher.obj
C:\Pramod\View73 Engine\View73 Engine\Graphics\bin\obj\Debug\View73Colour.obj
C:\Pramod\View73 Engine\View73 Engine\Graphics\bin\obj\Debug\View73ControllerManager.obj
C:\Pramod\View73 Engine\View73 Engine\Graphics\bin\obj\Debug\View73DebugScene.obj
C:\Pramod\View73 Engine\View73 Engine\Graphics\bin\obj\Debug\View73DefaultInputSystem.obj
C:\Pramod\View73 Engine\View73 Engine\Graphics\bin\obj\Debug\View73DynamicsWorld.obj
C:\Pramod\View73 Engine\View73 Engine\Graphics\bin\obj\Debug\View73Event.obj
C:\Pramod\View73 Engine\View73 Engine\Graphics\bin\obj\Debug\View73File.obj
C:\Pramod\View73 Engine\View73 Engine\Graphics\bin\obj\Debug\View73FragmentProgram.obj
C:\Pramod\View73 Engine\View73 Engine\Graphics\bin\obj\Debug\View73Frustrum.obj
C:\Pramod\View73 Engine\View73 Engine\Graphics\bin\obj\Debug\View73GeometryBinary.obj
C:\Pramod\View73 Engine\View73 Engine\Graphics\bin\obj\Debug\View73GLDebugDrawer.obj
C:\Pramod\View73 Engine\View73 Engine\Graphics\bin\obj\Debug\View73GraphicsRoot.obj
C:\Pramod\View73 Engine\View73 Engine\Graphics\bin\obj\Debug\View73InputManager.obj
C:\Pramod\View73 Engine\View73 Engine\Graphics\bin\obj\Debug\View73InputMethodKey.obj
C:\Pramod\View73 Engine\View73 Engine\Graphics\bin\obj\Debug\View73InputSystem.obj
C:\Pramod\View73 Engine\View73 Engine\Graphics\bin\obj\Debug\View73Light.obj
C:\Pramod\View73 Engine\View73 Engine\Graphics\bin\obj\Debug\View73LightManager.obj
C:\Pramod\View73 Engine\View73 Engine\Graphics\bin\obj\Debug\View73LogManager.obj
C:\Pramod\View73 Engine\View73 Engine\Graphics\bin\obj\Debug\View73LogOutputTargetOutputWindow.obj
C:\Pramod\View73 Engine\View73 Engine\Graphics\bin\obj\Debug\View73Material.obj
C:\Pramod\View73 Engine\View73 Engine\Graphics\bin\obj\Debug\View73MaterialManager.obj
C:\Pramod\View73 Engine\View73 Engine\Graphics\bin\obj\Debug\View73Matrix22.obj
C:\Pramod\View73 Engine\View73 Engine\Graphics\bin\obj\Debug\View73Matrix33.obj
C:\Pramod\View73 Engine\View73 Engine\Graphics\bin\obj\Debug\View73Matrix44.obj
C:\Pramod\View73 Engine\View73 Engine\Graphics\bin\obj\Debug\View73Mesh.obj
C:\Pramod\View73 Engine\View73 Engine\Graphics\bin\obj\Debug\View73MeshManager.obj
C:\Pramod\View73 Engine\View73 Engine\Graphics\bin\obj\Debug\View73MeshModifier.obj
C:\Pramod\View73 Engine\View73 Engine\Graphics\bin\obj\Debug\View73NavMesh.obj
C:\Pramod\View73 Engine\View73 Engine\Graphics\bin\obj\Debug\View73Node.obj
C:\Pramod\View73 Engine\View73 Engine\Graphics\bin\obj\Debug\View73ObjMeshLoader.obj
C:\Pramod\View73 Engine\View73 Engine\Graphics\bin\obj\Debug\View73OnActorInsideTrigger.obj
C:\Pramod\View73 Engine\View73 Engine\Graphics\bin\obj\Debug\View73Overlay.obj
C:\Pramod\View73 Engine\View73 Engine\Graphics\bin\obj\Debug\View73OverlayFrustrum.obj
C:\Pramod\View73 Engine\View73 Engine\Graphics\bin\obj\Debug\View73OverlaySceneManager.obj
C:\Pramod\View73 Engine\View73 Engine\Graphics\bin\obj\Debug\View73OverlayScreen.obj
C:\Pramod\View73 Engine\View73 Engine\Graphics\bin\obj\Debug\View73Physics.obj
C:\Pramod\View73 Engine\View73 Engine\Graphics\bin\obj\Debug\View73PhysicsDebugObject.obj
C:\Pramod\View73 Engine\View73 Engine\Graphics\bin\obj\Debug\View73PlayerCharacterController.obj
C:\Pramod\View73 Engine\View73 Engine\Graphics\bin\obj\Debug\View73Quaternion.obj
C:\Pramod\View73 Engine\View73 Engine\Graphics\bin\obj\Debug\View73RigidBodyToNodeTransformer.obj
C:\Pramod\View73 Engine\View73 Engine\Graphics\bin\obj\Debug\View73SceneManager.obj
C:\Pramod\View73 Engine\View73 Engine\Graphics\bin\obj\Debug\View73SceneNode.obj
C:\Pramod\View73 Engine\View73 Engine\Graphics\bin\obj\Debug\View73ShaderEffect.obj
C:\Pramod\View73 Engine\View73 Engine\Graphics\bin\obj\Debug\View73ShaderEffectInstance.obj
C:\Pramod\View73 Engine\View73 Engine\Graphics\bin\obj\Debug\View73ShaderManager.obj
C:\Pramod\View73 Engine\View73 Engine\Graphics\bin\obj\Debug\View73ShaderParameter.obj
C:\Pramod\View73 Engine\View73 Engine\Graphics\bin\obj\Debug\View73ShaderPass.obj
C:\Pramod\View73 Engine\View73 Engine\Graphics\bin\obj\Debug\View73ShaderProgram.obj
C:\Pramod\View73 Engine\View73 Engine\Graphics\bin\obj\Debug\View73ShaderTechnique.obj
C:\Pramod\View73 Engine\View73 Engine\Graphics\bin\obj\Debug\View73SimpleStateMachine.obj
C:\Pramod\View73 Engine\View73 Engine\Graphics\bin\obj\Debug\View73Skeleton.obj
C:\Pramod\View73 Engine\View73 Engine\Graphics\bin\obj\Debug\View73SkeletonBinary.obj
C:\Pramod\View73 Engine\View73 Engine\Graphics\bin\obj\Debug\View73SkeletonDebugObject.obj
C:\Pramod\View73 Engine\View73 Engine\Graphics\bin\obj\Debug\View73SkeletonManager.obj
C:\Pramod\View73 Engine\View73 Engine\Graphics\bin\obj\Debug\View73StringTokenizer.obj
C:\Pramod\View73 Engine\View73 Engine\Graphics\bin\obj\Debug\View73SubMesh.obj
C:\Pramod\View73 Engine\View73 Engine\Graphics\bin\obj\Debug\View73TransformerManager.obj
C:\Pramod\View73 Engine\View73 Engine\Graphics\bin\obj\Debug\View73Trigger.obj
C:\Pramod\View73 Engine\View73 Engine\Graphics\bin\obj\Debug\View73Vector2.obj
C:\Pramod\View73 Engine\View73 Engine\Graphics\bin\obj\Debug\View73Vector3.obj
C:\Pramod\View73 Engine\View73 Engine\Graphics\bin\obj\Debug\View73Vector4.obj
C:\Pramod\View73 Engine\View73 Engine\Graphics\bin\obj\Debug\View73VertexProgram.obj
C:\Pramod\View73 Engine\View73 Engine\Graphics\bin\obj\Debug\View73Viewport.obj
C:\Pramod\View73 Engine\View73 Engine\Graphics\bin\obj\Debug\cl.command.1.tlog
C:\Pramod\View73 Engine\View73 Engine\Graphics\bin\obj\Debug\CL.read.1.tlog
C:\Pramod\View73 Engine\View73 Engine\Graphics\bin\obj\Debug\CL.write.1.tlog
C:\Pramod\View73 Engine\View73 Engine\Graphics\bin\obj\Debug\Lib-link.read.1.tlog
C:\Pramod\View73 Engine\View73 Engine\Graphics\bin\obj\Debug\Lib-link.write.1.tlog
C:\Pramod\View73 Engine\View73 Engine\Graphics\bin\obj\Debug\lib.command.1.tlog
C:\Pramod\View73 Engine\View73 Engine\Graphics\bin\obj\Debug\link-cvtres.read.1.tlog
C:\Pramod\View73 Engine\View73 Engine\Graphics\bin\obj\Debug\link-cvtres.write.1.tlog
C:\Pramod\View73 Engine\View73 Engine\Graphics\bin\obj\Debug\link-rc.read.1.tlog
C:\Pramod\View73 Engine\View73 Engine\Graphics\bin\obj\Debug\link-rc.write.1.tlog
C:\Pramod\View73 Engine\View73 Engine\Graphics\bin\obj\Debug\link.command.1.tlog
C:\Pramod\View73 Engine\View73 Engine\Graphics\bin\obj\Debug\link.read.1.tlog
C:\Pramod\View73 Engine\View73 Engine\Graphics\bin\obj\Debug\link.write.1.tlog
C:\Pramod\View73 Engine\View73 Engine\Graphics\bin\obj\Debug\vc110.idb
C:\Pramod\View73 Engine\View73 Engine\Graphics\bin\obj\Debug\vc110.pdb
C:\Pramod\View73 Engine\View73 Engine\Graphics\bin\Debug\Game.pdb
C:\Pramod\View73 Engine\View73 Engine\Graphics\bin\Debug\Game.exe
C:\Pramod\View73 Engine\View73 Engine\Graphics\bin\Debug\Game.ilk
